2018-11-14 22:16:30 [main] INFO  main.Operate - 
***********************************
Время заказа: 22:16:30
Заказ: 10000
Клиент: 4711
Название: Ferio 17
-----------------------------------
Pizza Base (Normal) 1.0$
BACON               1.2$
CHEESE              1.0$
GARLIC              0.3$
OLIVES              0.5$
TOMATO_PASTE        1.0$
PEPPERONI           0.6$
-----------------------------------
Всего: 5.6$
Кол-во: 2
Название: Italiano 2
-----------------------------------
Pizza Base (Calzone) 0.5$
BACON                1.2$
CHEESE               1.0$
GARLIC               0.3$
CORN                 0.7$
OLIVES               0.5$
-----------------------------------
Всего: 4.2$
Кол-во: 3
Общая сумма: 23,80$
***********************************

2018-11-14 22:16:44 [JavaFX Application Thread] INFO  contoller.Controller -
***********************************
Время заказа: 22:16:44
Заказ: 10000
Клиент: 4711
Название: Ferio 17
-----------------------------------
Pizza Base (Normal) 1.0$
BACON               1.2$
CHEESE              1.0$
GARLIC              0.3$
OLIVES              0.5$
TOMATO_PASTE        1.0$
PEPPERONI           0.6$
-----------------------------------
Всего: 5.6$
Кол-во: 2
Название: Italiano 2
-----------------------------------
Pizza Base (Calzone) 0.5$
BACON                1.2$
CHEESE               1.0$
GARLIC               0.3$
CORN                 0.7$
OLIVES               0.5$
-----------------------------------
Всего: 4.2$
Кол-во: 3
Общая сумма: 23,80$
***********************************

